hlcsg 3.4 SSE 2 V2.0 (Mar 29 2009)
Zoner's Half-Life Compilation Tools -- Custom Build
Based on code modifications by Sean 'Zoner' Cavanaugh
Based on Valve's version, modified with permission.
Submit detailed bug reports to (amckern@yahoo.com)
-----  BEGIN  hlcsg -----
Command line: C:\mapdev\ZHLT32~1\hlcsg.exe -chart -cliptype precise -wadcfgfile c:\mapdev\de_dust2a\src\wad.cfg -wadconfig mapdev c:\mapdev\de_dust2a\src\de_dust2a 
Entering c:\mapdev\de_dust2a\src\de_dust2a.map

Current hlcsg Settings
Name                 |  Setting  |  Default
---------------------|-----------|-------------------------
threads               [       4 ] [  Varies ]
verbose               [     off ] [     off ]
log                   [      on ] [      on ]
developer             [       0 ] [       0 ]
chart                 [      on ] [     off ]
estimate              [     off ] [     off ]
max texture memory    [ 4194304 ] [ 4194304 ]
max lighting memory   [ 6291456 ] [ 6291456 ]
priority              [  Normal ] [  Normal ]

noclip                [     off ] [     off ]
null texture stripping[      on ] [      on ]
clipnode economy mode [      on ] [      on ]
clip hull type        [ precise ] [  legacy ]
onlyents              [     off ] [     off ]
wadtextures           [      on ] [      on ]
skyclip               [      on ] [      on ]
hullfile              [    None ] [    None ]
nullfile              [    None ] [    None ]
min surface area      [   0.500 ] [   0.500 ]
brush union threshold [   0.000 ] [   0.000 ]

Using custom wadfile configuration: 'mapdev' (with 3 wads)
Wadinclude list :
[zhlt.wad]
[\mapdev\de_dust2a\src\de_dust2.wad]

20 brushes (totalling 120 sides) discarded from clipping hulls
CreateBrush:
 (0.05 seconds)
SetModelCenters:
 (0.00 seconds)
CSGBrush:
 (0.19 seconds)

Object names  Objects/Maxobjs  Memory / Maxmem  Fullness
------------  ---------------  ---------------  --------
models              0/400            0/25600    ( 0.0%)
planes           6292/32768     125840/655360   (19.2%)
vertexes            0/65535          0/786420   ( 0.0%)
nodes               0/32767          0/786408   ( 0.0%)
texinfos          963/32767      38520/1310680  ( 2.9%)
faces               0/65535          0/1310700  ( 0.0%)
clipnodes           0/32767          0/262136   ( 0.0%)
leaves              0/8192           0/229376   ( 0.0%)
marksurfaces        0/65535          0/131070   ( 0.0%)
surfedges           0/512000         0/2048000  ( 0.0%)
edges               0/256000         0/1024000  ( 0.0%)
texdata          [variable]          0/4194304  ( 0.0%)
lightdata        [variable]          0/6291456  ( 0.0%)
visdata          [variable]          0/2097152  ( 0.0%)
entdata          [variable]          0/524288   ( 0.0%)
0 textures referenced
=== Total BSP file data space used: 164360 bytes ===

Using Wadfile: \games\counter strike 1.6\cstrike\cs_dust.wad
 - Contains 14 used textures, 51.85 percent of map (28 textures in wad)
Using Wadfile: \games\counter strike 1.6\valve\halflife.wad
 - Contains 5 used textures, 18.52 percent of map (3116 textures in wad)
Including Wadfile: \mapdev\de_dust2a\src\de_dust2.wad
 - Contains 8 used textures, 29.63 percent of map (15 textures in wad)

added 5 additional animating textures.
Texture usage is at 0.85 mb (of 4.00 mb MAX)
0.28 seconds elapsed

-----   END   hlcsg -----



hlbsp 3.4 SSE 2 V2.0 (Mar 29 2009)
Zoner's Half-Life Compilation Tools -- Custom Build
Based on code modifications by Sean 'Zoner' Cavanaugh
Based on Valve's version, modified with permission.
Submit detailed bug reports to (amckern@yahoo.com)
-----  BEGIN  hlbsp -----
Command line: C:\mapdev\ZHLT32~1\hlbsp.exe -chart c:\mapdev\de_dust2a\src\de_dust2a 

Current hlbsp Settings
Name               |  Setting  |  Default
-------------------|-----------|-------------------------
threads             [       4 ] [  Varies ]
verbose             [     off ] [     off ]
log                 [      on ] [      on ]
developer           [       0 ] [       0 ]
chart               [      on ] [     off ]
estimate            [     off ] [     off ]
max texture memory  [ 4194304 ] [ 4194304 ]
priority            [  Normal ] [  Normal ]

noclip              [     off ] [     off ]
nofill              [     off ] [     off ]
noopt               [     off ] [     off ]
null tex. stripping [      on ] [      on ]
notjunc             [     off ] [     off ]
subdivide size      [     240 ] [     240 ] (Min 64) (Max 512)
max node size       [    1024 ] [    1024 ] (Min 64) (Max 8192)


SolidBSP [hull 0] 500...1000...1500...1518 (0.03 seconds)
BSP generation successful, writing portal file 'c:\mapdev\de_dust2a\src\de_dust2a.prt'
SolidBSP [hull 1] 500...1000...1251 (0.02 seconds)
SolidBSP [hull 2] 500...1000...1214 (0.02 seconds)
SolidBSP [hull 3] 500...1000...1420 (0.03 seconds)

Object names  Objects/Maxobjs  Memory / Maxmem  Fullness
------------  ---------------  ---------------  --------
models             19/400         1216/25600    ( 4.8%)
planes           1833/32768      36660/655360   ( 5.6%)
vertexes         3976/65535      47712/786420   ( 6.1%)
nodes            1561/32767      37464/786408   ( 4.8%)
texinfos          963/32767      38520/1310680  ( 2.9%)
faces            3154/65535      63080/1310700  ( 4.8%)
clipnodes        3477/32767      27816/262136   (10.6%)
leaves            842/8192       23576/229376   (10.3%)
marksurfaces     3887/65535       7774/131070   ( 5.9%)
surfedges       14659/512000     58636/2048000  ( 2.9%)
edges            7446/256000     29784/1024000  ( 2.9%)
texdata          [variable]     386868/4194304  ( 9.2%)
lightdata        [variable]          0/6291456  ( 0.0%)
visdata          [variable]          0/2097152  ( 0.0%)
entdata          [variable]       6347/524288   ( 1.2%)
32 textures referenced
=== Total BSP file data space used: 765453 bytes ===
0.33 seconds elapsed

-----   END   hlbsp -----



hlvis 3.4 SSE 2 V2.0 (Mar 29 2009)
Zoner's Half-Life Compilation Tools -- Custom Build
Based on code modifications by Sean 'Zoner' Cavanaugh
Based on Valve's version, modified with permission.
Submit detailed bug reports to (amckern@yahoo.com)
-----  BEGIN  hlvis -----
Command line: C:\mapdev\ZHLT32~1\hlvis.exe -chart -full c:\mapdev\de_dust2a\src\de_dust2a 
 679 portalleafs
1939 numportals

-= Current hlvis Settings =-
Name               |  Setting  |  Default
-------------------|-----------|-------------------------
threads             [       4 ] [  Varies ]
verbose             [     off ] [     off ]
log                 [      on ] [      on ]
developer           [       0 ] [       0 ]
chart               [      on ] [     off ]
estimate            [     off ] [     off ]
max texture memory  [ 4194304 ] [ 4194304 ]
max vis distance    [       0 ] [       0 ]
priority            [  Normal ] [  Normal ]

fast vis            [     off ] [     off ]
full vis            [      on ] [     off ]


BasePortalVis:
 (0.07 seconds)
LeafThread:
 (2.67 seconds)
average leafs visible: 119
g_visdatasize:33048  compressed from 57715

Object names  Objects/Maxobjs  Memory / Maxmem  Fullness
------------  ---------------  ---------------  --------
models             19/400         1216/25600    ( 4.8%)
planes           1833/32768      36660/655360   ( 5.6%)
vertexes         3976/65535      47712/786420   ( 6.1%)
nodes            1561/32767      37464/786408   ( 4.8%)
texinfos          963/32767      38520/1310680  ( 2.9%)
faces            3154/65535      63080/1310700  ( 4.8%)
clipnodes        3477/32767      27816/262136   (10.6%)
leaves            842/8192       23576/229376   (10.3%)
marksurfaces     3887/65535       7774/131070   ( 5.9%)
surfedges       14659/512000     58636/2048000  ( 2.9%)
edges            7446/256000     29784/1024000  ( 2.9%)
texdata          [variable]     386868/4194304  ( 9.2%)
lightdata        [variable]          0/6291456  ( 0.0%)
visdata          [variable]      33048/2097152  ( 1.6%)
entdata          [variable]       6347/524288   ( 1.2%)
32 textures referenced
=== Total BSP file data space used: 798501 bytes ===
2.75 seconds elapsed

-----   END   hlvis -----



hlrad 3.4 SSE 2 V2.0 (Mar 29 2009)
Zoner's Half-Life Compilation Tools -- Custom Build
Based on code modifications by Sean 'Zoner' Cavanaugh
Based on Valve's version, modified with permission.
Submit detailed bug reports to (amckern@yahoo.com)
-----  BEGIN  hlrad -----
Command line: C:\mapdev\ZHLT32~1\hlrad.exe -chart -bounce 500 -fade 2 -dscale 1 -chop 20 c:\mapdev\de_dust2a\src\de_dust2a 

-= Current hlrad Settings =-
Name                | Setting             | Default
--------------------|---------------------|-------------------------
threads              [                 4 ] [            Varies ]
verbose              [               off ] [               off ]
log                  [                on ] [                on ]
developer            [                 0 ] [                 0 ]
chart                [                on ] [               off ]
estimate             [               off ] [               off ]
max texture memory   [           4194304 ] [           4194304 ]
max lighting memory  [           6291456 ] [           6291456 ]
priority             [            Normal ] [            Normal ]

vismatrix algorithm  [          Original ] [          Original ]
oversampling (-extra)[               off ] [               off ]
bounces              [               500 ] [                 1 ]
bounce dynamic light [                on ] [                on ]
ambient light        [ 0.000 0.000 0.000 ] [ 0.000 0.000 0.000 ]
maximum light        [           255.000 ] [           256.000 ]
circus mode          [               off ] [               off ]

smoothing threshold  [            50.000 ] [            50.000 ]
direct threshold     [            25.000 ] [            25.000 ]
direct light scale   [             1.000 ] [             2.000 ]
coring threshold     [             1.000 ] [             1.000 ]
patch interpolation  [                on ] [                on ]

texscale             [                on ] [                on ]
patch subdividing    [                on ] [                on ]
chop value           [            20.000 ] [            64.000 ]
texchop value        [            32.000 ] [            32.000 ]

global fade          [             2.000 ] [             1.000 ]
global falloff       [                 2 ] [                 2 ]
global light scale   [ 1.000 1.000 1.000 ] [ 1.000 1.000 1.000 ]
global gamma         [ 0.500 0.500 0.500 ] [ 0.500 0.500 0.500 ]
global light scale   [             1.000 ] [             1.000 ]
global sky diffusion [             1.000 ] [             1.000 ]

opaque entities      [                on ] [                on ]
sky lighting fix     [                on ] [                on ]
incremental          [               off ] [               off ]
dump                 [               off ] [               off ]

colour jitter        [       0.0 0.0 0.0 ] [       0.0 0.0 0.0 ]
monochromatic jitter [       0.0 0.0 0.0 ] [       0.0 0.0 0.0 ]
softlight hack       [   0.0 0.0 0.0 0.0 ] [   0.0 0.0 0.0 0.0 ]
diffuse hack         [                on ] [                on ]
spotlight points     [                on ] [                on ]

custom shadows with bounce light
                     [               off ] [               off ]
rgb transfers        [               off ] [               off ]


[Reading texlights from 'C:\mapdev\ZHLT32~1\lights.rad']
[59 texlights parsed from 'C:\mapdev\ZHLT32~1\lights.rad']

3154 faces
Create Patches : 63017 base patches
0 opaque faces
122372 square feet [17621688.00 square inches]
71 direct lights

BuildFacelights:
 (1.12 seconds)
visibility matrix   : 236.7 megs
BuildVisLeafs:
 (25.92 seconds)
MakeScales:
 (17.19 seconds)
SwapTransfers:
 (6.84 seconds)
Transfer Lists :   239901440 :  239.90M transfers
       Indices :    46851484 :   44.68M bytes
          Data :   959605760 :  915.15M bytes
GatherLight:
 (1.78 seconds)
GatherLight:
 (1.81 seconds)
GatherLight:
 (1.71 seconds)
GatherLight:
 (1.70 seconds)
GatherLight:
 (1.69 seconds)
GatherLight:
 (1.76 seconds)
GatherLight:
 (1.86 seconds)
GatherLight:
 (1.75 seconds)
GatherLight:
 (1.75 seconds)
GatherLight:
 (1.83 seconds)
GatherLight:
 (1.82 seconds)
GatherLight:
 (1.77 seconds)
GatherLight:
 (1.71 seconds)
GatherLight:
 (1.73 seconds)
GatherLight:
 (1.68 seconds)
GatherLight:
 (2.04 seconds)
GatherLight:
 (1.79 seconds)
GatherLight:
 (1.73 seconds)
GatherLight:
 (1.78 seconds)
GatherLight:
 (1.72 seconds)
GatherLight:
 (1.69 seconds)
GatherLight:
 (1.72 seconds)
GatherLight:
 (1.68 seconds)
GatherLight:
 (1.69 seconds)
GatherLight:
 (1.69 seconds)
GatherLight:
 (1.76 seconds)
GatherLight:
 (1.87 seconds)
GatherLight:
 (1.84 seconds)
GatherLight:
 (1.75 seconds)
GatherLight:
 (1.72 seconds)
GatherLight:
 (1.71 seconds)
GatherLight:
 (1.72 seconds)
GatherLight:
 (1.73 seconds)
GatherLight:
 (1.71 seconds)
GatherLight:
 (1.71 seconds)
GatherLight:
 (1.73 seconds)
GatherLight:
 (1.69 seconds)
GatherLight:
 (1.73 seconds)
GatherLight:
 (1.70 seconds)
GatherLight:
 (1.72 seconds)
GatherLight:
 (1.70 seconds)
GatherLight:
 (1.68 seconds)
GatherLight:
 (1.68 seconds)
GatherLight:
 (1.76 seconds)
GatherLight:
 (1.68 seconds)
GatherLight:
 (1.68 seconds)
GatherLight:
 (1.68 seconds)
GatherLight:
 (1.69 seconds)
GatherLight:
 (1.69 seconds)
GatherLight:
 (1.71 seconds)
GatherLight:
 (1.79 seconds)
GatherLight:
 (2.06 seconds)
GatherLight:
 (1.80 seconds)
GatherLight:
 (1.72 seconds)
GatherLight:
 (1.79 seconds)
GatherLight:
 (2.02 seconds)
GatherLight:
 (1.78 seconds)
GatherLight:
 (1.69 seconds)
GatherLight:
 (1.72 seconds)
GatherLight:
 (1.84 seconds)
GatherLight:
 (1.75 seconds)
GatherLight:
 (1.69 seconds)
GatherLight:
 (1.69 seconds)
GatherLight:
 (1.69 seconds)
GatherLight:
 (1.70 seconds)
GatherLight:
 (1.70 seconds)
GatherLight:
 (1.68 seconds)
GatherLight:
 (1.68 seconds)
GatherLight:
 (1.69 seconds)
GatherLight:
 (1.69 seconds)
GatherLight:
 (1.69 seconds)
GatherLight:
 (1.68 seconds)
GatherLight:
 (1.69 seconds)
GatherLight:
 (1.70 seconds)
GatherLight:
 (1.69 seconds)
GatherLight:
 (1.69 seconds)
GatherLight:
 (1.69 seconds)
GatherLight:
 (1.70 seconds)
GatherLight:
 (1.78 seconds)
GatherLight:
 (1.68 seconds)
GatherLight:
 (1.68 seconds)
GatherLight:
 (1.70 seconds)
GatherLight:
 (1.69 seconds)
GatherLight:
 (1.68 seconds)
GatherLight:
 (1.69 seconds)
GatherLight:
 (1.68 seconds)
GatherLight:
 (1.68 seconds)
GatherLight:
 (1.69 seconds)
GatherLight:
 (1.68 seconds)
GatherLight:
 (1.68 seconds)
GatherLight:
 (1.68 seconds)
GatherLight:
 (1.69 seconds)
GatherLight:
 (1.70 seconds)
GatherLight:
 (1.69 seconds)
GatherLight:
 (1.69 seconds)
GatherLight:
 (1.71 seconds)
GatherLight:
 (1.68 seconds)
GatherLight:
 (1.69 seconds)
GatherLight:
 (1.71 seconds)
GatherLight:
 (1.69 seconds)
GatherLight:
 (1.69 seconds)
GatherLight:
 (1.70 seconds)
GatherLight:
 (1.70 seconds)
GatherLight:
 (1.70 seconds)
GatherLight:
 (1.73 seconds)
GatherLight:
 (1.76 seconds)
GatherLight:
 (1.83 seconds)
GatherLight:
 (1.93 seconds)
GatherLight:
 (2.11 seconds)
GatherLight:
 (2.39 seconds)
GatherLight:
 (2.82 seconds)
GatherLight:
 (3.42 seconds)
GatherLight:
 (4.26 seconds)
GatherLight:
 (5.56 seconds)
GatherLight:
 (6.92 seconds)
GatherLight:
 (9.00 seconds)
GatherLight:
 (12.50 seconds)
GatherLight:
 (17.17 seconds)
GatherLight:
 (18.79 seconds)
GatherLight:
 (19.79 seconds)
GatherLight:
 (20.00 seconds)
GatherLight:
 (21.19 seconds)
GatherLight:
 (20.91 seconds)
GatherLight:
 (21.26 seconds)
GatherLight:
 (22.14 seconds)
GatherLight:
 (22.33 seconds)
GatherLight:
 (22.16 seconds)
GatherLight:
 (22.66 seconds)
GatherLight:
 (24.05 seconds)
GatherLight:
 (25.44 seconds)
GatherLight:
 (27.51 seconds)
GatherLight:
 (26.92 seconds)
GatherLight:
 (27.52 seconds)
GatherLight:
 (26.62 seconds)
GatherLight:
 (25.88 seconds)
GatherLight:
 (25.48 seconds)
GatherLight:
 (25.08 seconds)
GatherLight:
 (23.54 seconds)
GatherLight:
 (22.45 seconds)
GatherLight:
 (19.81 seconds)
GatherLight:
 (15.34 seconds)
GatherLight:
 (7.85 seconds)
GatherLight:
 (1.74 seconds)
GatherLight:
 (1.69 seconds)
GatherLight:
 (1.72 seconds)
GatherLight:
 (1.70 seconds)
GatherLight:
 (1.69 seconds)
GatherLight:
 (1.71 seconds)
GatherLight:
 (1.71 seconds)
GatherLight:
 (1.68 seconds)
GatherLight:
 (1.70 seconds)
GatherLight:
 (1.69 seconds)
GatherLight:
 (1.69 seconds)
GatherLight:
 (1.68 seconds)
GatherLight:
 (1.69 seconds)
GatherLight:
 (1.68 seconds)
GatherLight:
 (1.68 seconds)
GatherLight:
 (1.69 seconds)
GatherLight:
 (1.69 seconds)
GatherLight:
 (1.68 seconds)
GatherLight:
 (1.70 seconds)
GatherLight:
 (1.78 seconds)
GatherLight:
 (1.70 seconds)
GatherLight:
 (1.69 seconds)
GatherLight:
 (1.69 seconds)
GatherLight:
 (1.68 seconds)
GatherLight:
 (1.69 seconds)
GatherLight:
 (1.70 seconds)
GatherLight:
 (1.69 seconds)
GatherLight:
 (1.69 seconds)
GatherLight:
 (1.70 seconds)
GatherLight:
 (1.71 seconds)
GatherLight:
 (1.70 seconds)
GatherLight:
 (1.69 seconds)
GatherLight:
 (1.68 seconds)
GatherLight:
 (1.69 seconds)
GatherLight:
 (1.70 seconds)
GatherLight:
 (1.68 seconds)
GatherLight:
 (1.68 seconds)
GatherLight:
 (1.72 seconds)
GatherLight:
 (1.72 seconds)
GatherLight:
 (1.68 seconds)
GatherLight:
 (1.69 seconds)
GatherLight:
 (1.69 seconds)
GatherLight:
 (1.69 seconds)
GatherLight:
 (1.69 seconds)
GatherLight:
 (1.70 seconds)
GatherLight:
 (1.69 seconds)
GatherLight:
 (1.71 seconds)
GatherLight:
 (1.70 seconds)
GatherLight:
 (1.71 seconds)
GatherLight:
 (1.69 seconds)
GatherLight:
 (1.69 seconds)
GatherLight:
 (1.69 seconds)
GatherLight:
 (1.68 seconds)
GatherLight:
 (1.69 seconds)
GatherLight:
 (1.69 seconds)
GatherLight:
 (1.69 seconds)
GatherLight:
 (1.75 seconds)
GatherLight:
 (1.70 seconds)
GatherLight:
 (1.70 seconds)
GatherLight:
 (1.68 seconds)
GatherLight:
 (1.70 seconds)
GatherLight:
 (1.71 seconds)
GatherLight:
 (1.69 seconds)
GatherLight:
 (1.68 seconds)
GatherLight:
 (1.70 seconds)
GatherLight:
 (1.69 seconds)
GatherLight:
 (1.70 seconds)
GatherLight:
 (1.71 seconds)
GatherLight:
 (1.70 seconds)
GatherLight:
 (1.70 seconds)
GatherLight:
 (1.70 seconds)
GatherLight:
 (1.70 seconds)
GatherLight:
 (1.71 seconds)
GatherLight:
 (1.68 seconds)
GatherLight:
 (1.76 seconds)
GatherLight:
 (1.68 seconds)
GatherLight:
 (1.69 seconds)
GatherLight:
 (1.68 seconds)
GatherLight:
 (1.68 seconds)
GatherLight:
 (1.69 seconds)
GatherLight:
 (1.69 seconds)
GatherLight:
 (1.68 seconds)
GatherLight:
 (1.70 seconds)
GatherLight:
 (1.69 seconds)
GatherLight:
 (1.68 seconds)
GatherLight:
 (1.70 seconds)
GatherLight:
 (1.69 seconds)
GatherLight:
 (1.68 seconds)
GatherLight:
 (1.68 seconds)
GatherLight:
 (1.68 seconds)
GatherLight:
 (1.68 seconds)
GatherLight:
 (1.69 seconds)
GatherLight:
 (1.77 seconds)
GatherLight:
 (1.71 seconds)
GatherLight:
 (1.70 seconds)
GatherLight:
 (1.69 seconds)
GatherLight:
 (1.70 seconds)
GatherLight:
 (1.69 seconds)
GatherLight:
 (1.69 seconds)
GatherLight:
 (1.69 seconds)
GatherLight:
 (1.69 seconds)
GatherLight:
 (1.70 seconds)
GatherLight:
 (1.69 seconds)
GatherLight:
 (1.71 seconds)
GatherLight:
 (1.70 seconds)
GatherLight:
 (1.68 seconds)
GatherLight:
 (1.69 seconds)
GatherLight:
 (1.69 seconds)
GatherLight:
 (1.68 seconds)
GatherLight:
 (1.68 seconds)
GatherLight:
 (1.77 seconds)
GatherLight:
 (1.70 seconds)
GatherLight:
 (1.70 seconds)
GatherLight:
 (1.70 seconds)
GatherLight:
 (1.70 seconds)
GatherLight:
 (1.70 seconds)
GatherLight:
 (1.70 seconds)
GatherLight:
 (1.68 seconds)
GatherLight:
 (1.69 seconds)
GatherLight:
 (1.68 seconds)
GatherLight:
 (1.68 seconds)
GatherLight:
 (1.68 seconds)
GatherLight:
 (1.70 seconds)
GatherLight:
 (1.68 seconds)
GatherLight:
 (1.71 seconds)
GatherLight:
 (1.71 seconds)
GatherLight:
 (1.69 seconds)
GatherLight:
 (1.69 seconds)
GatherLight:
 (1.69 seconds)
GatherLight:
 (1.75 seconds)
GatherLight:
 (1.68 seconds)
GatherLight:
 (1.68 seconds)
GatherLight:
 (1.68 seconds)
GatherLight:
 (1.67 seconds)
GatherLight:
 (1.68 seconds)
GatherLight:
 (1.69 seconds)
GatherLight:
 (1.68 seconds)
GatherLight:
 (1.68 seconds)
GatherLight:
 (1.67 seconds)
GatherLight:
 (1.68 seconds)
GatherLight:
 (1.73 seconds)
GatherLight:
 (1.70 seconds)
GatherLight:
 (1.70 seconds)
GatherLight:
 (1.69 seconds)
GatherLight:
 (1.72 seconds)
GatherLight:
 (1.70 seconds)
GatherLight:
 (1.69 seconds)
GatherLight:
 (1.69 seconds)
GatherLight:
 (1.68 seconds)
GatherLight:
 (1.69 seconds)
GatherLight:
 (1.69 seconds)
GatherLight:
 (1.69 seconds)
GatherLight:
 (1.70 seconds)
GatherLight:
 (1.75 seconds)
GatherLight:
 (1.70 seconds)
GatherLight:
 (1.71 seconds)
GatherLight:
 (1.69 seconds)
GatherLight:
 (1.73 seconds)
GatherLight:
 (1.76 seconds)
GatherLight:
 (1.89 seconds)
GatherLight:
 (1.76 seconds)
GatherLight:
 (1.68 seconds)
GatherLight:
 (1.70 seconds)
GatherLight:
 (1.81 seconds)
GatherLight:
 (1.77 seconds)
GatherLight:
 (1.79 seconds)
GatherLight:
 (1.84 seconds)
GatherLight:
 (1.75 seconds)
GatherLight:
 (1.72 seconds)
GatherLight:
 (1.71 seconds)
GatherLight:
 (1.69 seconds)
GatherLight:
 (1.74 seconds)
GatherLight:
 (1.70 seconds)
GatherLight:
 (1.70 seconds)
GatherLight:
 (1.70 seconds)
GatherLight:
 (1.74 seconds)
GatherLight:
 (1.70 seconds)
GatherLight:
 (1.70 seconds)
GatherLight:
 (1.70 seconds)
GatherLight:
 (1.68 seconds)
GatherLight:
 (1.70 seconds)
GatherLight:
 (1.72 seconds)
GatherLight:
 (1.71 seconds)
GatherLight:
 (1.73 seconds)
GatherLight:
 (1.71 seconds)
GatherLight:
 (1.69 seconds)
GatherLight:
 (1.69 seconds)
GatherLight:
 (1.68 seconds)
GatherLight:
 (1.69 seconds)
GatherLight:
 (1.69 seconds)
GatherLight:
 (1.68 seconds)
GatherLight:
 (1.69 seconds)
GatherLight:
 (1.69 seconds)
GatherLight:
 (1.71 seconds)
GatherLight:
 (1.68 seconds)
GatherLight:
 (1.69 seconds)
GatherLight:
 (1.68 seconds)
GatherLight:
 (1.68 seconds)
GatherLight:
 (1.69 seconds)
GatherLight:
 (1.69 seconds)
GatherLight:
 (1.68 seconds)
GatherLight:
 (1.69 seconds)
GatherLight:
 (1.69 seconds)
GatherLight:
 (1.69 seconds)
GatherLight:
 (1.69 seconds)
GatherLight:
 (1.70 seconds)
GatherLight:
 (1.75 seconds)
GatherLight:
 (1.70 seconds)
GatherLight:
 (1.68 seconds)
GatherLight:
 (1.68 seconds)
GatherLight:
 (1.69 seconds)
GatherLight:
 (1.70 seconds)
GatherLight:
 (1.69 seconds)
GatherLight:
 (1.70 seconds)
GatherLight:
 (1.69 seconds)
GatherLight:
 (1.69 seconds)
GatherLight:
 (1.69 seconds)
GatherLight:
 (1.69 seconds)
GatherLight:
 (1.68 seconds)
GatherLight:
 (1.77 seconds)
GatherLight:
 (1.71 seconds)
GatherLight:
 (1.71 seconds)
GatherLight:
 (1.74 seconds)
GatherLight:
 (1.74 seconds)
GatherLight:
 (1.78 seconds)
GatherLight:
 (1.81 seconds)
GatherLight:
 (2.03 seconds)
GatherLight:
 (1.69 seconds)
GatherLight:
 (1.68 seconds)
GatherLight:
 (1.71 seconds)
GatherLight:
 (1.85 seconds)
GatherLight:
 (1.83 seconds)
GatherLight:
 (1.86 seconds)
GatherLight:
 (1.75 seconds)
GatherLight:
 (1.82 seconds)
GatherLight:
 (1.87 seconds)
GatherLight:
 (1.83 seconds)
GatherLight:
 (1.81 seconds)
GatherLight:
 (1.83 seconds)
GatherLight:
 (1.78 seconds)
GatherLight:
 (1.83 seconds)
GatherLight:
 (1.83 seconds)
GatherLight:
 (1.82 seconds)
GatherLight:
 (1.79 seconds)
GatherLight:
 (1.78 seconds)
GatherLight:
 (1.78 seconds)
GatherLight:
 (1.79 seconds)
GatherLight:
 (1.83 seconds)
GatherLight:
 (1.77 seconds)
GatherLight:
 (1.79 seconds)
GatherLight:
 (1.92 seconds)
GatherLight:
 (1.86 seconds)
GatherLight:
 (1.83 seconds)
GatherLight:
 (1.81 seconds)
GatherLight:
 (1.91 seconds)
GatherLight:
 (1.83 seconds)
GatherLight:
 (1.79 seconds)
GatherLight:
 (1.81 seconds)
GatherLight:
 (1.72 seconds)
GatherLight:
 (1.69 seconds)
GatherLight:
 (1.69 seconds)
GatherLight:
 (1.69 seconds)
GatherLight:
 (1.72 seconds)
GatherLight:
 (1.70 seconds)
GatherLight:
 (1.76 seconds)
GatherLight:
 (1.70 seconds)
GatherLight:
 (1.73 seconds)
GatherLight:
 (1.68 seconds)
GatherLight:
 (1.68 seconds)
GatherLight:
 (1.71 seconds)
GatherLight:
 (1.75 seconds)
GatherLight:
 (1.78 seconds)
GatherLight:
 (1.69 seconds)
GatherLight:
 (1.68 seconds)
GatherLight:
 (1.71 seconds)
GatherLight:
 (1.84 seconds)
GatherLight:
 (1.84 seconds)
GatherLight:
 (1.72 seconds)
GatherLight:
 (1.76 seconds)
GatherLight:
 (1.84 seconds)
GatherLight:
 (1.87 seconds)
GatherLight:
 (2.00 seconds)
GatherLight:
 (1.96 seconds)
GatherLight:
 (1.79 seconds)
GatherLight:
 (1.79 seconds)
GatherLight:
 (1.79 seconds)
GatherLight:
 (1.80 seconds)
GatherLight:
 (1.84 seconds)
GatherLight:
 (1.85 seconds)
GatherLight:
 (1.82 seconds)
GatherLight:
 (1.80 seconds)
GatherLight:
 (1.76 seconds)
GatherLight:
 (1.77 seconds)
GatherLight:
 (1.80 seconds)
GatherLight:
 (1.89 seconds)
GatherLight:
 (1.88 seconds)
GatherLight:
 (1.88 seconds)
GatherLight:
 (1.90 seconds)
GatherLight:
 (1.87 seconds)
GatherLight:
 (1.74 seconds)
GatherLight:
 (1.71 seconds)
GatherLight:
 (1.79 seconds)
GatherLight:
 (1.80 seconds)
GatherLight:
 (1.71 seconds)
GatherLight:
 (1.74 seconds)
GatherLight:
 (1.76 seconds)
GatherLight:
 (1.84 seconds)
GatherLight:
 (1.81 seconds)
GatherLight:
 (1.79 seconds)
GatherLight:
 (1.87 seconds)
GatherLight:
 (2.00 seconds)
GatherLight:
 (1.85 seconds)
GatherLight:
 (1.81 seconds)
GatherLight:
 (1.79 seconds)
GatherLight:
 (1.76 seconds)
GatherLight:
 (1.82 seconds)
GatherLight:
 (1.76 seconds)
GatherLight:
 (1.74 seconds)
GatherLight:
 (1.76 seconds)
GatherLight:
 (1.78 seconds)
GatherLight:
 (1.83 seconds)
GatherLight:
 (1.80 seconds)
GatherLight:
 (1.76 seconds)
GatherLight:
 (1.76 seconds)
GatherLight:
 (1.77 seconds)
GatherLight:
 (1.77 seconds)
GatherLight:
 (1.76 seconds)
GatherLight:
 (1.74 seconds)
GatherLight:
 (1.74 seconds)
GatherLight:
 (1.73 seconds)
GatherLight:
 (1.77 seconds)
GatherLight:
 (1.74 seconds)
GatherLight:
 (1.75 seconds)
GatherLight:
 (1.74 seconds)
GatherLight:
 (1.77 seconds)
GatherLight:
 (1.84 seconds)
GatherLight:
 (1.94 seconds)
GatherLight:
 (1.71 seconds)
GatherLight:
 (1.68 seconds)
GatherLight:
 (1.67 seconds)
GatherLight:
 (1.69 seconds)
GatherLight:
 (1.69 seconds)
GatherLight:
 (1.67 seconds)
GatherLight:
 (1.70 seconds)
GatherLight:
 (1.70 seconds)
GatherLight:
 (1.86 seconds)
GatherLight:
 (1.80 seconds)
GatherLight:
 (2.31 seconds)
GatherLight:
 (1.82 seconds)
GatherLight:
 (1.75 seconds)
GatherLight:
 (1.76 seconds)
GatherLight:
 (1.78 seconds)
GatherLight:
 (1.71 seconds)
GatherLight:
 (1.81 seconds)
GatherLight:
 (1.79 seconds)
GatherLight:
 (1.67 seconds)
GatherLight:
 (1.72 seconds)
GatherLight:
 (1.67 seconds)
FinalLightFace:
 (0.45 seconds)

Object names  Objects/Maxobjs  Memory / Maxmem  Fullness
------------  ---------------  ---------------  --------
models             19/400         1216/25600    ( 4.8%)
planes           1833/32768      36660/655360   ( 5.6%)
vertexes         3976/65535      47712/786420   ( 6.1%)
nodes            1561/32767      37464/786408   ( 4.8%)
texinfos          963/32767      38520/1310680  ( 2.9%)
faces            3154/65535      63080/1310700  ( 4.8%)
clipnodes        3477/32767      27816/262136   (10.6%)
leaves            842/8192       23576/229376   (10.3%)
marksurfaces     3887/65535       7774/131070   ( 5.9%)
surfedges       14659/512000     58636/2048000  ( 2.9%)
edges            7446/256000     29784/1024000  ( 2.9%)
texdata          [variable]     386868/4194304  ( 9.2%)
lightdata        [variable]     320943/6291456  ( 5.1%)
visdata          [variable]      33048/2097152  ( 1.6%)
entdata          [variable]       6347/524288   ( 1.2%)
32 textures referenced
=== Total BSP file data space used: 1119444 bytes ===
1461.73 seconds elapsed [24m 21s]

-----   END   hlrad -----



